INFO:root:next problem
INFO:root:dsafda|dsfads
INFO:root:next problem
INFO:root:dsafda|dsfads
INFO:root:next problem
INFO:root:dsafdsf|dsfdsafds
INFO:root:next problem
INFO:root:dsafdsf|dsfdsafds
INFO:root:next problem
INFO:root:dsafdsf|dsfdsafds
INFO:root:next problem
INFO:root:fdgfds|fdgdfs
INFO:root:next problem
INFO:root:dfsaf|dsfdsa
INFO:root:next problem
INFO:root:dfds|dsfads
INFO:root:next problem
INFO:root:Meg Ryan|Tom Hanks
INFO:root:next problem
INFO:root:Meg Ryan|Tom Hanks
INFO:root:next problem
INFO:root:Cheryl Ladd|Kris Kristofferson
INFO:root:next problem
INFO:root:Brad Dourif|Kris Kristofferson
INFO:root:next problem
INFO:root:Brad Dourif|Jack Nicholson
INFO:root:next problem
INFO:root:Tom Cruise|Jack Nicholson
INFO:root:next problem
INFO:root:Kevin Costner|Jack Nicholson
INFO:root:next problem
INFO:root:Mary Elizabeth Mastrantonio|Jack Nicholson
INFO:root:next problem
INFO:root:Paul Newman|Jack Nicholson
INFO:root:next problem
INFO:root:Paul Newman|Robert Redford
INFO:root:next problem
INFO:root:Jack Nicholson|Shirley Maclaine
INFO:root:next problem
INFO:root:Kevin Costner|Shirley Maclaine
INFO:root:next problem
INFO:root:Kevin Costner|Brad Dourif
INFO:root:next problem
INFO:root:Kevin Costner|Kevin Bacon
INFO:root:next problem
INFO:root:Jack Nicholson|Kevin Bacon
INFO:root:next problem
INFO:root:Kevin Costner|Nicholas Cage
INFO:root:next problem
INFO:root:Kevin Bacon|Nicholas Cage
INFO:root:next problem
INFO:root:Jack Nicholson|Nicholas Cage
INFO:root:next problem
INFO:root:Meg Ryan|Tom Hanks
INFO:root:next problem
INFO:root:Meg Ryan|Sean Connery
INFO:root:next problem
INFO:root:Meg Ryan|Sally Field
INFO:root:next problem
INFO:root:Tom Hanks|Sally Field
INFO:root:next problem
INFO:root:Kevin Costner|Sally Field
INFO:root:next problem
INFO:root:Kevin Costner|Harrison Ford
INFO:root:next problem
INFO:root:Sean Connery|Harrison Ford
INFO:root:next problem
INFO:root:Meg Ryan|Sally Field
INFO:root:next problem
INFO:root:Meg Ryan|Tom Hanks
INFO:root:next problem
INFO:root:Kevin Costner|Jeff Goldblum
INFO:root:next problem
INFO:root:Kevin Kline|Jeff Goldblum
INFO:root:next problem
INFO:root:Toby Macguire|Jeff Goldblum
INFO:root:next problem
INFO:root:Jeff Bridges|Kurt Russell
INFO:root:next problem
INFO:root:Jeff Bridges|Nicholas Cage
INFO:root:next problem
INFO:root:Cher|Nicholas Cage
INFO:root:next problem
INFO:root:Meg Ryan|Nicholas Cage
INFO:root:next problem
INFO:root:Diane Keaton|Jack Nicholson
INFO:root:next problem
INFO:root:Diane Keaton|Marlon Brando
INFO:root:next problem
INFO:root:Diane Keaton|Woody Allen
INFO:root:next problem
INFO:root:Michael Caine|Woody Allen
